<?xml version="1.0" encoding="UTF-8" ?>
<testsuite tests="5" failures="0" name="package3.LoginTests" time="41.547" errors="3" skipped="0">
  <properties>
    <property name="java.runtime.name" value="Java(TM) SE Runtime Environment"/>
    <property name="sun.boot.library.path" value="/usr/local/java/jdk1.8.0_11/jre/lib/amd64"/>
    <property name="java.vm.version" value="25.11-b03"/>
    <property name="java.vm.vendor" value="Oracle Corporation"/>
    <property name="java.vendor.url" value="http://java.oracle.com/"/>
    <property name="path.separator" value=":"/>
    <property name="guice.disable.misplaced.annotation.check" value="true"/>
    <property name="java.vm.name" value="Java HotSpot(TM) 64-Bit Server VM"/>
    <property name="file.encoding.pkg" value="sun.io"/>
    <property name="user.country" value="US"/>
    <property name="sun.java.launcher" value="SUN_STANDARD"/>
    <property name="sun.os.patch.level" value="unknown"/>
    <property name="java.vm.specification.name" value="Java Virtual Machine Specification"/>
    <property name="user.dir" value="/home/imusiievych/Desktop/WebAutomationCourses/artifact3"/>
    <property name="java.runtime.version" value="1.8.0_11-b12"/>
    <property name="java.awt.graphicsenv" value="sun.awt.X11GraphicsEnvironment"/>
    <property name="java.endorsed.dirs" value="/usr/local/java/jdk1.8.0_11/jre/lib/endorsed"/>
    <property name="os.arch" value="amd64"/>
    <property name="java.io.tmpdir" value="/tmp"/>
    <property name="line.separator" value="
"/>
    <property name="java.vm.specification.vendor" value="Oracle Corporation"/>
    <property name="os.name" value="Linux"/>
    <property name="classworlds.conf" value="/usr/share/maven/bin/m2.conf"/>
    <property name="sun.jnu.encoding" value="UTF-8"/>
    <property name="java.library.path" value="/usr/java/packages/lib/amd64:/usr/lib64:/lib64:/lib:/usr/lib"/>
    <property name="java.specification.name" value="Java Platform API Specification"/>
    <property name="java.class.version" value="52.0"/>
    <property name="sun.management.compiler" value="HotSpot 64-Bit Tiered Compilers"/>
    <property name="os.version" value="3.13.0-49-generic"/>
    <property name="user.home" value="/home/imusiievych"/>
    <property name="user.timezone" value="Europe/Kiev"/>
    <property name="java.awt.printerjob" value="sun.print.PSPrinterJob"/>
    <property name="file.encoding" value="UTF-8"/>
    <property name="java.specification.version" value="1.8"/>
    <property name="user.name" value="imusiievych"/>
    <property name="java.class.path" value="/usr/share/maven/boot/plexus-classworlds-2.x.jar"/>
    <property name="java.vm.specification.version" value="1.8"/>
    <property name="sun.arch.data.model" value="64"/>
    <property name="java.home" value="/usr/local/java/jdk1.8.0_11/jre"/>
    <property name="sun.java.command" value="org.codehaus.plexus.classworlds.launcher.Launcher clean verify thucydides:aggregate"/>
    <property name="java.specification.vendor" value="Oracle Corporation"/>
    <property name="user.language" value="en"/>
    <property name="awt.toolkit" value="sun.awt.X11.XToolkit"/>
    <property name="java.vm.info" value="mixed mode"/>
    <property name="java.version" value="1.8.0_11"/>
    <property name="java.ext.dirs" value="/usr/local/java/jdk1.8.0_11/jre/lib/ext:/usr/java/packages/lib/ext"/>
    <property name="securerandom.source" value="file:/dev/./urandom"/>
    <property name="sun.boot.class.path" value="/usr/local/java/jdk1.8.0_11/jre/lib/resources.jar:/usr/local/java/jdk1.8.0_11/jre/lib/rt.jar:/usr/local/java/jdk1.8.0_11/jre/lib/sunrsasign.jar:/usr/local/java/jdk1.8.0_11/jre/lib/jsse.jar:/usr/local/java/jdk1.8.0_11/jre/lib/jce.jar:/usr/local/java/jdk1.8.0_11/jre/lib/charsets.jar:/usr/local/java/jdk1.8.0_11/jre/lib/jfr.jar:/usr/local/java/jdk1.8.0_11/jre/classes"/>
    <property name="java.vendor" value="Oracle Corporation"/>
    <property name="maven.home" value="/usr/share/maven"/>
    <property name="file.separator" value="/"/>
    <property name="java.vendor.url.bug" value="http://bugreport.sun.com/bugreport/"/>
    <property name="sun.cpu.endian" value="little"/>
    <property name="sun.io.unicode.encoding" value="UnicodeLittle"/>
    <property name="sun.desktop" value="gnome"/>
    <property name="sun.cpu.isalist" value=""/>
  </properties>
  <testcase classname="package3.LoginTests" name="a3_click_on_create_account_button" time="36.091"/>
  <testcase classname="package3.LoginTests" name="a4_logs_in_to_page_with_incorrect_creds" time="0.005">
    <error message="Element is not usable [[FirefoxDriver: firefox on LINUX (e3424aad-ee60-484c-a593-33498af270c8)] -&gt; css selector: .notification_inner]
For documentation on this error, please visit: http://seleniumhq.org/exceptions/no_such_element.html
Build info: version: &apos;2.45.0&apos;, revision: &apos;5017cb8e7ca8e37638dc3091b2440b90a1d8686f&apos;, time: &apos;2015-02-27 09:10:26&apos;
System info: host: &apos;imusiievych-E520&apos;, ip: &apos;127.0.1.1&apos;, os.name: &apos;Linux&apos;, os.arch: &apos;amd64&apos;, os.version: &apos;3.13.0-49-generic&apos;, java.version: &apos;1.8.0_11&apos;
Driver info: driver.version: unknown
For documentation on this error, please visit: http://seleniumhq.org/exceptions/no_such_element.html
Build info: version: &apos;2.45.0&apos;, revision: &apos;5017cb8e7ca8e37638dc3091b2440b90a1d8686f&apos;, time: &apos;2015-02-27 09:10:26&apos;
System info: host: &apos;imusiievych-E520&apos;, ip: &apos;127.0.1.1&apos;, os.name: &apos;Linux&apos;, os.arch: &apos;amd64&apos;, os.version: &apos;3.13.0-49-generic&apos;, java.version: &apos;1.8.0_11&apos;
Driver info: driver.version: unknown" type="org.openqa.selenium.NoSuchElementException">org.openqa.selenium.NoSuchElementException: Element is not usable [[FirefoxDriver: firefox on LINUX (e3424aad-ee60-484c-a593-33498af270c8)] -&gt; css selector: .notification_inner]
For documentation on this error, please visit: http://seleniumhq.org/exceptions/no_such_element.html
Build info: version: &apos;2.45.0&apos;, revision: &apos;5017cb8e7ca8e37638dc3091b2440b90a1d8686f&apos;, time: &apos;2015-02-27 09:10:26&apos;
System info: host: &apos;imusiievych-E520&apos;, ip: &apos;127.0.1.1&apos;, os.name: &apos;Linux&apos;, os.arch: &apos;amd64&apos;, os.version: &apos;3.13.0-49-generic&apos;, java.version: &apos;1.8.0_11&apos;
Driver info: driver.version: unknown
For documentation on this error, please visit: http://seleniumhq.org/exceptions/no_such_element.html
Build info: version: &apos;2.45.0&apos;, revision: &apos;5017cb8e7ca8e37638dc3091b2440b90a1d8686f&apos;, time: &apos;2015-02-27 09:10:26&apos;
System info: host: &apos;imusiievych-E520&apos;, ip: &apos;127.0.1.1&apos;, os.name: &apos;Linux&apos;, os.arch: &apos;amd64&apos;, os.version: &apos;3.13.0-49-generic&apos;, java.version: &apos;1.8.0_11&apos;
Driver info: driver.version: unknown
	at com.sun.proxy.$Proxy20.isDisplayed(Unknown Source)
	at package3.steps.VerifySteps.verifyErrorMessageForInvalidCreds(VerifySteps.java:65)
	at package3.LoginTests.a4_logs_in_to_page_with_incorrect_creds(LoginTests.java:80)
</error>
    <system-out>org.openqa.selenium.NoSuchElementException: Element is not usable [[FirefoxDriver: firefox on LINUX (e3424aad-ee60-484c-a593-33498af270c8)] -&gt; css selector: .notification_inner]
For documentation on this error, please visit: http://seleniumhq.org/exceptions/no_such_element.html
Build info: version: &apos;2.45.0&apos;, revision: &apos;5017cb8e7ca8e37638dc3091b2440b90a1d8686f&apos;, time: &apos;2015-02-27 09:10:26&apos;
System info: host: &apos;imusiievych-E520&apos;, ip: &apos;127.0.1.1&apos;, os.name: &apos;Linux&apos;, os.arch: &apos;amd64&apos;, os.version: &apos;3.13.0-49-generic&apos;, java.version: &apos;1.8.0_11&apos;
Driver info: driver.version: unknown
For documentation on this error, please visit: http://seleniumhq.org/exceptions/no_such_element.html
Build info: version: &apos;2.45.0&apos;, revision: &apos;5017cb8e7ca8e37638dc3091b2440b90a1d8686f&apos;, time: &apos;2015-02-27 09:10:26&apos;
System info: host: &apos;imusiievych-E520&apos;, ip: &apos;127.0.1.1&apos;, os.name: &apos;Linux&apos;, os.arch: &apos;amd64&apos;, os.version: &apos;3.13.0-49-generic&apos;, java.version: &apos;1.8.0_11&apos;
Driver info: driver.version: unknown</system-out>
    <system-err>36639 [pool-1-thread-1] INFO net.thucydides.core.Thucydides - Test Suite Started: Login tests
36640 [pool-1-thread-1] INFO net.thucydides.core.Thucydides - 
  _____ _____ ____ _____   ____ _____  _    ____ _____ _____ ____  
 |_   _| ____/ ___|_   _| / ___|_   _|/ \  |  _ \_   _| ____|  _ \ 
   | | |  _| \___ \ | |   \___ \ | | / _ \ | |_) || | |  _| | | | |
   | | | |___ ___) || |    ___) || |/ ___ \|  _ &lt; | | | |___| |_| |
   |_| |_____|____/ |_|   |____/ |_/_/   \_\_| \_\|_| |_____|____/ 
                                                                   

TEST STARTED: a4_logs_in_to_page_with_incorrect_creds
--------------------------------------------------------------------
36640 [pool-1-thread-1] INFO net.thucydides.core.Thucydides - TEST NUMBER: 4
36989 [pool-1-thread-1] INFO net.thucydides.core.steps.StepInterceptor - STARTING STEP: is_login_page
39188 [pool-1-thread-1] INFO net.thucydides.core.steps.StepInterceptor - STEP DONE: is_login_page
39591 [pool-1-thread-1] INFO net.thucydides.core.steps.StepInterceptor - STARTING STEP: logs_in
51446 [pool-1-thread-1] INFO net.thucydides.core.steps.StepInterceptor - STEP DONE: logs_in
51805 [pool-1-thread-1] INFO net.thucydides.core.steps.StepInterceptor - STARTING STEP: verifyErrorMessageForInvalidCreds
52762 [pool-1-thread-1] INFO net.thucydides.core.steps.StepInterceptor - STEP DONE: verifyErrorMessageForInvalidCreds
53151 [pool-1-thread-1] INFO net.thucydides.core.steps.StepInterceptor - STARTING STEP: logs_in
61208 [pool-1-thread-1] INFO net.thucydides.core.steps.StepInterceptor - STEP DONE: logs_in
61471 [pool-1-thread-1] INFO net.thucydides.core.steps.StepInterceptor - STARTING STEP: verifyErrorMessageForInvalidCreds
62207 [pool-1-thread-1] INFO net.thucydides.core.steps.StepInterceptor - STEP DONE: verifyErrorMessageForInvalidCreds
62435 [pool-1-thread-1] INFO net.thucydides.core.steps.StepInterceptor - STARTING STEP: logs_in
69593 [pool-1-thread-1] INFO net.thucydides.core.steps.StepInterceptor - STEP DONE: logs_in
69829 [pool-1-thread-1] INFO net.thucydides.core.steps.StepInterceptor - STARTING STEP: verifyErrorMessageForInvalidCreds
100547 [pool-1-thread-1] INFO net.thucydides.core.steps.StepInterceptor - STEP FAILED: verifyErrorMessageForInvalidCreds - Timed out after 30 seconds. Unable to locate the element: Element is not usable [[FirefoxDriver: firefox on LINUX (e3424aad-ee60-484c-a593-33498af270c8)] -&gt; css selector: .notification_inner]
For documentation on this error, please visit: http://seleniumhq.org/exceptions/no_such_element.html
Build info: version: &apos;2.45.0&apos;, revision: &apos;5017cb8e7ca8e37638dc3091b2440b90a1d8686f&apos;, time: &apos;2015-02-27 09:10:26&apos;
System info: host: &apos;imusiievych-E520&apos;, ip: &apos;127.0.1.1&apos;, os.name: &apos;Linux&apos;, os.arch: &apos;amd64&apos;, os.version: &apos;3.13.0-49-generic&apos;, java.version: &apos;1.8.0_11&apos;
Driver info: driver.version: unknown
For documentation on this error, please visit: http://seleniumhq.org/exceptions/no_such_element.html
Build info: version: &apos;2.45.0&apos;, revision: &apos;5017cb8e7ca8e37638dc3091b2440b90a1d8686f&apos;, time: &apos;2015-02-27 09:10:26&apos;
System info: host: &apos;imusiievych-E520&apos;, ip: &apos;127.0.1.1&apos;, os.name: &apos;Linux&apos;, os.arch: &apos;amd64&apos;, os.version: &apos;3.13.0-49-generic&apos;, java.version: &apos;1.8.0_11&apos;
Driver info: driver.version: unknown
</system-err>
  </testcase>
  <testcase classname="package3.LoginTests" name="a1_click_on_single_sign_on_button" time="5.436"/>
  <testcase classname="package3.LoginTests" name="logs_in_to_the_page_with_correct_creds" time="0.002">
    <error message="Window not found. The browser window may have been closed.
Command duration or timeout: 205 milliseconds
Build info: version: &apos;2.45.0&apos;, revision: &apos;5017cb8e7ca8e37638dc3091b2440b90a1d8686f&apos;, time: &apos;2015-02-27 09:10:26&apos;
System info: host: &apos;imusiievych-E520&apos;, ip: &apos;127.0.1.1&apos;, os.name: &apos;Linux&apos;, os.arch: &apos;amd64&apos;, os.version: &apos;3.13.0-49-generic&apos;, java.version: &apos;1.8.0_11&apos;
Driver info: org.openqa.selenium.firefox.FirefoxDriver
Capabilities [{applicationCacheEnabled=true, rotatable=false, handlesAlerts=true, databaseEnabled=true, version=37.0.1, platform=LINUX, nativeEvents=false, acceptSslCerts=true, webStorageEnabled=true, locationContextEnabled=true, browserName=firefox, takesScreenshot=true, javascriptEnabled=true, cssSelectorsEnabled=true}]
Session ID: e3424aad-ee60-484c-a593-33498af270c8
*** Element info: {Using=class name, value=user_name}
Build info: version: &apos;2.45.0&apos;, revision: &apos;5017cb8e7ca8e37638dc3091b2440b90a1d8686f&apos;, time: &apos;2015-02-27 09:10:26&apos;
System info: host: &apos;imusiievych-E520&apos;, ip: &apos;127.0.1.1&apos;, os.name: &apos;Linux&apos;, os.arch: &apos;amd64&apos;, os.version: &apos;3.13.0-49-generic&apos;, java.version: &apos;1.8.0_11&apos;
Driver info: driver.version: unknown" type="org.openqa.selenium.NoSuchWindowException">org.openqa.selenium.NoSuchWindowException: Window not found. The browser window may have been closed.
Command duration or timeout: 205 milliseconds
Build info: version: &apos;2.45.0&apos;, revision: &apos;5017cb8e7ca8e37638dc3091b2440b90a1d8686f&apos;, time: &apos;2015-02-27 09:10:26&apos;
System info: host: &apos;imusiievych-E520&apos;, ip: &apos;127.0.1.1&apos;, os.name: &apos;Linux&apos;, os.arch: &apos;amd64&apos;, os.version: &apos;3.13.0-49-generic&apos;, java.version: &apos;1.8.0_11&apos;
Driver info: org.openqa.selenium.firefox.FirefoxDriver
Capabilities [{applicationCacheEnabled=true, rotatable=false, handlesAlerts=true, databaseEnabled=true, version=37.0.1, platform=LINUX, nativeEvents=false, acceptSslCerts=true, webStorageEnabled=true, locationContextEnabled=true, browserName=firefox, takesScreenshot=true, javascriptEnabled=true, cssSelectorsEnabled=true}]
Session ID: e3424aad-ee60-484c-a593-33498af270c8
*** Element info: {Using=class name, value=user_name}
Build info: version: &apos;2.45.0&apos;, revision: &apos;5017cb8e7ca8e37638dc3091b2440b90a1d8686f&apos;, time: &apos;2015-02-27 09:10:26&apos;
System info: host: &apos;imusiievych-E520&apos;, ip: &apos;127.0.1.1&apos;, os.name: &apos;Linux&apos;, os.arch: &apos;amd64&apos;, os.version: &apos;3.13.0-49-generic&apos;, java.version: &apos;1.8.0_11&apos;
Driver info: driver.version: unknown
	at com.sun.proxy.$Proxy20.getText(Unknown Source)
	at package3.pages.BoxHomePage.userName(BoxHomePage.java:154)
	at package3.steps.VerifySteps.verifyUserNameOnHomePage(VerifySteps.java:31)
	at package3.LoginTests.logs_in_to_the_page_with_correct_creds(LoginTests.java:68)
</error>
    <system-out>org.openqa.selenium.NoSuchWindowException: Window not found. The browser window may have been closed.
Command duration or timeout: 205 milliseconds
Build info: version: &apos;2.45.0&apos;, revision: &apos;5017cb8e7ca8e37638dc3091b2440b90a1d8686f&apos;, time: &apos;2015-02-27 09:10:26&apos;
System info: host: &apos;imusiievych-E520&apos;, ip: &apos;127.0.1.1&apos;, os.name: &apos;Linux&apos;, os.arch: &apos;amd64&apos;, os.version: &apos;3.13.0-49-generic&apos;, java.version: &apos;1.8.0_11&apos;
Driver info: org.openqa.selenium.firefox.FirefoxDriver
Capabilities [{applicationCacheEnabled=true, rotatable=false, handlesAlerts=true, databaseEnabled=true, version=37.0.1, platform=LINUX, nativeEvents=false, acceptSslCerts=true, webStorageEnabled=true, locationContextEnabled=true, browserName=firefox, takesScreenshot=true, javascriptEnabled=true, cssSelectorsEnabled=true}]
Session ID: e3424aad-ee60-484c-a593-33498af270c8
*** Element info: {Using=class name, value=user_name}
Build info: version: &apos;2.45.0&apos;, revision: &apos;5017cb8e7ca8e37638dc3091b2440b90a1d8686f&apos;, time: &apos;2015-02-27 09:10:26&apos;
System info: host: &apos;imusiievych-E520&apos;, ip: &apos;127.0.1.1&apos;, os.name: &apos;Linux&apos;, os.arch: &apos;amd64&apos;, os.version: &apos;3.13.0-49-generic&apos;, java.version: &apos;1.8.0_11&apos;
Driver info: driver.version: unknown</system-out>
    <system-err>106019 [pool-1-thread-1] INFO net.thucydides.core.Thucydides - Test Suite Started: Login tests
106020 [pool-1-thread-1] INFO net.thucydides.core.Thucydides - 
  _____ _____ ____ _____   ____ _____  _    ____ _____ _____ ____  
 |_   _| ____/ ___|_   _| / ___|_   _|/ \  |  _ \_   _| ____|  _ \ 
   | | |  _| \___ \ | |   \___ \ | | / _ \ | |_) || | |  _| | | | |
   | | | |___ ___) || |    ___) || |/ ___ \|  _ &lt; | | | |___| |_| |
   |_| |_____|____/ |_|   |____/ |_/_/   \_\_| \_\|_| |_____|____/ 
                                                                   

TEST STARTED: logs_in_to_the_page_with_correct_creds
--------------------------------------------------------------------
106020 [pool-1-thread-1] INFO net.thucydides.core.Thucydides - TEST NUMBER: 9
106181 [pool-1-thread-1] INFO net.thucydides.core.steps.StepInterceptor - STARTING STEP: is_login_page
108180 [pool-1-thread-1] INFO net.thucydides.core.steps.StepInterceptor - STEP DONE: is_login_page
108408 [pool-1-thread-1] INFO net.thucydides.core.steps.StepInterceptor - STARTING STEP: logs_in
115788 [pool-1-thread-1] INFO net.thucydides.core.steps.StepInterceptor - STEP DONE: logs_in
116132 [pool-1-thread-1] INFO net.thucydides.core.steps.StepInterceptor - STARTING STEP: verifyUserNameOnHomePage
124123 [pool-1-thread-1] WARN net.thucydides.core.webdriver.WebDriverFacade - Failed to take screenshot - driver closed already? (Window not found. The browser window may have been closed.
Command duration or timeout: 118 milliseconds
Build info: version: &apos;2.45.0&apos;, revision: &apos;5017cb8e7ca8e37638dc3091b2440b90a1d8686f&apos;, time: &apos;2015-02-27 09:10:26&apos;
System info: host: &apos;imusiievych-E520&apos;, ip: &apos;127.0.1.1&apos;, os.name: &apos;Linux&apos;, os.arch: &apos;amd64&apos;, os.version: &apos;3.13.0-49-generic&apos;, java.version: &apos;1.8.0_11&apos;
Driver info: org.openqa.selenium.firefox.FirefoxDriver
Capabilities [{applicationCacheEnabled=true, rotatable=false, handlesAlerts=true, databaseEnabled=true, version=37.0.1, platform=LINUX, nativeEvents=false, acceptSslCerts=true, webStorageEnabled=true, locationContextEnabled=true, browserName=firefox, takesScreenshot=true, javascriptEnabled=true, cssSelectorsEnabled=true}]
Session ID: e3424aad-ee60-484c-a593-33498af270c8)
124125 [pool-1-thread-1] INFO net.thucydides.core.steps.StepInterceptor - STEP FAILED: verifyUserNameOnHomePage - Window not found. The browser window may have been closed.
Build info: version: &apos;2.45.0&apos;, revision: &apos;5017cb8e7ca8e37638dc3091b2440b90a1d8686f&apos;, time: &apos;2015-02-27 09:10:26&apos;
System info: host: &apos;imusiievych-E520&apos;, ip: &apos;127.0.1.1&apos;, os.name: &apos;Linux&apos;, os.arch: &apos;amd64&apos;, os.version: &apos;3.13.0-49-generic&apos;, java.version: &apos;1.8.0_11&apos;
Driver info: driver.version: unknown
Build info: version: &apos;2.45.0&apos;, revision: &apos;5017cb8e7ca8e37638dc3091b2440b90a1d8686f&apos;, time: &apos;2015-02-27 09:10:26&apos;
System info: host: &apos;imusiievych-E520&apos;, ip: &apos;127.0.1.1&apos;, os.name: &apos;Linux&apos;, os.arch: &apos;amd64&apos;, os.version: &apos;3.13.0-49-generic&apos;, java.version: &apos;1.8.0_11&apos;
Driver info: driver.version: unknown
</system-err>
  </testcase>
  <testcase classname="package3.LoginTests" name="a2_click_on_reset_password_button" time="0.013">
    <error message="Window not found. The browser window may have been closed.
Build info: version: &apos;2.45.0&apos;, revision: &apos;5017cb8e7ca8e37638dc3091b2440b90a1d8686f&apos;, time: &apos;2015-02-27 09:10:26&apos;
System info: host: &apos;imusiievych-E520&apos;, ip: &apos;127.0.1.1&apos;, os.name: &apos;Linux&apos;, os.arch: &apos;amd64&apos;, os.version: &apos;3.13.0-49-generic&apos;, java.version: &apos;1.8.0_11&apos;
Driver info: driver.version: unknown
Build info: version: &apos;2.45.0&apos;, revision: &apos;5017cb8e7ca8e37638dc3091b2440b90a1d8686f&apos;, time: &apos;2015-02-27 09:10:26&apos;
System info: host: &apos;imusiievych-E520&apos;, ip: &apos;127.0.1.1&apos;, os.name: &apos;Linux&apos;, os.arch: &apos;amd64&apos;, os.version: &apos;3.13.0-49-generic&apos;, java.version: &apos;1.8.0_11&apos;
Driver info: driver.version: unknown" type="org.openqa.selenium.NoSuchWindowException">org.openqa.selenium.NoSuchWindowException: Window not found. The browser window may have been closed.
Build info: version: &apos;2.45.0&apos;, revision: &apos;5017cb8e7ca8e37638dc3091b2440b90a1d8686f&apos;, time: &apos;2015-02-27 09:10:26&apos;
System info: host: &apos;imusiievych-E520&apos;, ip: &apos;127.0.1.1&apos;, os.name: &apos;Linux&apos;, os.arch: &apos;amd64&apos;, os.version: &apos;3.13.0-49-generic&apos;, java.version: &apos;1.8.0_11&apos;
Driver info: driver.version: unknown
Build info: version: &apos;2.45.0&apos;, revision: &apos;5017cb8e7ca8e37638dc3091b2440b90a1d8686f&apos;, time: &apos;2015-02-27 09:10:26&apos;
System info: host: &apos;imusiievych-E520&apos;, ip: &apos;127.0.1.1&apos;, os.name: &apos;Linux&apos;, os.arch: &apos;amd64&apos;, os.version: &apos;3.13.0-49-generic&apos;, java.version: &apos;1.8.0_11&apos;
Driver info: driver.version: unknown
	at &lt;anonymous class&gt;.nsCommandProcessor.prototype.execute(file:///tmp/anonymous5259521035097422556webdriver-profile/extensions/fxdriver@googlecode.com/components/command-processor.js:12343)
	at &lt;anonymous class&gt;.Dispatcher.executeAs/&lt;(file:///tmp/anonymous5259521035097422556webdriver-profile/extensions/fxdriver@googlecode.com/components/driver-component.js:9061)
	at &lt;anonymous class&gt;.Resource.prototype.handle(file:///tmp/anonymous5259521035097422556webdriver-profile/extensions/fxdriver@googlecode.com/components/driver-component.js:9208)
	at &lt;anonymous class&gt;.Dispatcher.prototype.dispatch(file:///tmp/anonymous5259521035097422556webdriver-profile/extensions/fxdriver@googlecode.com/components/driver-component.js:9155)
	at &lt;anonymous class&gt;.WebDriverServer/&lt;.handle(file:///tmp/anonymous5259521035097422556webdriver-profile/extensions/fxdriver@googlecode.com/components/driver-component.js:12128)
	at &lt;anonymous class&gt;.createHandlerFunc/&lt;(file:///tmp/anonymous5259521035097422556webdriver-profile/extensions/fxdriver@googlecode.com/components/httpd.js:2058)
	at &lt;anonymous class&gt;.ServerHandler.prototype.handleResponse(file:///tmp/anonymous5259521035097422556webdriver-profile/extensions/fxdriver@googlecode.com/components/httpd.js:2391)
	at &lt;anonymous class&gt;.Connection.prototype.process(file:///tmp/anonymous5259521035097422556webdriver-profile/extensions/fxdriver@googlecode.com/components/httpd.js:1227)
	at &lt;anonymous class&gt;.RequestReader.prototype._handleResponse(file:///tmp/anonymous5259521035097422556webdriver-profile/extensions/fxdriver@googlecode.com/components/httpd.js:1681)
	at &lt;anonymous class&gt;.RequestReader.prototype._processBody(file:///tmp/anonymous5259521035097422556webdriver-profile/extensions/fxdriver@googlecode.com/components/httpd.js:1529)
	at &lt;anonymous class&gt;.RequestReader.prototype.onInputStreamReady(file:///tmp/anonymous5259521035097422556webdriver-profile/extensions/fxdriver@googlecode.com/components/httpd.js:1397)
</error>
    <system-out>org.openqa.selenium.NoSuchWindowException: Window not found. The browser window may have been closed.
Build info: version: &apos;2.45.0&apos;, revision: &apos;5017cb8e7ca8e37638dc3091b2440b90a1d8686f&apos;, time: &apos;2015-02-27 09:10:26&apos;
System info: host: &apos;imusiievych-E520&apos;, ip: &apos;127.0.1.1&apos;, os.name: &apos;Linux&apos;, os.arch: &apos;amd64&apos;, os.version: &apos;3.13.0-49-generic&apos;, java.version: &apos;1.8.0_11&apos;
Driver info: driver.version: unknown
Build info: version: &apos;2.45.0&apos;, revision: &apos;5017cb8e7ca8e37638dc3091b2440b90a1d8686f&apos;, time: &apos;2015-02-27 09:10:26&apos;
System info: host: &apos;imusiievych-E520&apos;, ip: &apos;127.0.1.1&apos;, os.name: &apos;Linux&apos;, os.arch: &apos;amd64&apos;, os.version: &apos;3.13.0-49-generic&apos;, java.version: &apos;1.8.0_11&apos;
Driver info: driver.version: unknown</system-out>
    <system-err>124147 [pool-1-thread-1] INFO net.thucydides.core.Thucydides - Test Suite Started: Login tests
124147 [pool-1-thread-1] INFO net.thucydides.core.Thucydides - 
  _____ _____ ____ _____   ____ _____  _    ____ _____ _____ ____  
 |_   _| ____/ ___|_   _| / ___|_   _|/ \  |  _ \_   _| ____|  _ \ 
   | | |  _| \___ \ | |   \___ \ | | / _ \ | |_) || | |  _| | | | |
   | | | |___ ___) || |    ___) || |/ ___ \|  _ &lt; | | | |___| |_| |
   |_| |_____|____/ |_|   |____/ |_/_/   \_\_| \_\|_| |_____|____/ 
                                                                   

TEST STARTED: a2_click_on_reset_password_button
--------------------------------------------------------------------
124147 [pool-1-thread-1] INFO net.thucydides.core.Thucydides - TEST NUMBER: 11
124207 [pool-1-thread-1] WARN net.thucydides.core.webdriver.WebDriverFacade - Failed to take screenshot - driver closed already? (Window not found. The browser window may have been closed.
Command duration or timeout: 54 milliseconds
Build info: version: &apos;2.45.0&apos;, revision: &apos;5017cb8e7ca8e37638dc3091b2440b90a1d8686f&apos;, time: &apos;2015-02-27 09:10:26&apos;
System info: host: &apos;imusiievych-E520&apos;, ip: &apos;127.0.1.1&apos;, os.name: &apos;Linux&apos;, os.arch: &apos;amd64&apos;, os.version: &apos;3.13.0-49-generic&apos;, java.version: &apos;1.8.0_11&apos;
Driver info: org.openqa.selenium.firefox.FirefoxDriver
Capabilities [{applicationCacheEnabled=true, rotatable=false, handlesAlerts=true, databaseEnabled=true, version=37.0.1, platform=LINUX, nativeEvents=false, acceptSslCerts=true, webStorageEnabled=true, locationContextEnabled=true, browserName=firefox, takesScreenshot=true, javascriptEnabled=true, cssSelectorsEnabled=true}]
Session ID: e3424aad-ee60-484c-a593-33498af270c8)
124207 [pool-1-thread-1] INFO net.thucydides.core.steps.StepInterceptor - STARTING STEP: is_login_page
124343 [pool-1-thread-1] WARN net.thucydides.core.webdriver.WebDriverFacade - Failed to take screenshot - driver closed already? (Window not found. The browser window may have been closed.
Command duration or timeout: 64 milliseconds
Build info: version: &apos;2.45.0&apos;, revision: &apos;5017cb8e7ca8e37638dc3091b2440b90a1d8686f&apos;, time: &apos;2015-02-27 09:10:26&apos;
System info: host: &apos;imusiievych-E520&apos;, ip: &apos;127.0.1.1&apos;, os.name: &apos;Linux&apos;, os.arch: &apos;amd64&apos;, os.version: &apos;3.13.0-49-generic&apos;, java.version: &apos;1.8.0_11&apos;
Driver info: org.openqa.selenium.firefox.FirefoxDriver
Capabilities [{applicationCacheEnabled=true, rotatable=false, handlesAlerts=true, databaseEnabled=true, version=37.0.1, platform=LINUX, nativeEvents=false, acceptSslCerts=true, webStorageEnabled=true, locationContextEnabled=true, browserName=firefox, takesScreenshot=true, javascriptEnabled=true, cssSelectorsEnabled=true}]
Session ID: e3424aad-ee60-484c-a593-33498af270c8)
124343 [pool-1-thread-1] INFO net.thucydides.core.steps.StepInterceptor - STEP FAILED: is_login_page - Window not found. The browser window may have been closed.
Command duration or timeout: 70 milliseconds
Build info: version: &apos;2.45.0&apos;, revision: &apos;5017cb8e7ca8e37638dc3091b2440b90a1d8686f&apos;, time: &apos;2015-02-27 09:10:26&apos;
System info: host: &apos;imusiievych-E520&apos;, ip: &apos;127.0.1.1&apos;, os.name: &apos;Linux&apos;, os.arch: &apos;amd64&apos;, os.version: &apos;3.13.0-49-generic&apos;, java.version: &apos;1.8.0_11&apos;
Driver info: org.openqa.selenium.firefox.FirefoxDriver
Capabilities [{applicationCacheEnabled=true, rotatable=false, handlesAlerts=true, databaseEnabled=true, version=37.0.1, platform=LINUX, nativeEvents=false, acceptSslCerts=true, webStorageEnabled=true, locationContextEnabled=true, browserName=firefox, takesScreenshot=true, javascriptEnabled=true, cssSelectorsEnabled=true}]
Session ID: e3424aad-ee60-484c-a593-33498af270c8
124407 [pool-1-thread-1] INFO net.thucydides.core.steps.StepInterceptor - SKIPPED STEP: clickOnResetPasswordButton
124409 [pool-1-thread-1] INFO net.thucydides.core.steps.StepInterceptor - SKIPPED STEP: verifyResetPasswordPage
124410 [pool-1-thread-1] INFO net.thucydides.core.reports.ReportService - Reporting formats: [JSON, XML, HTML]
124410 [pool-1-thread-1] INFO net.thucydides.core.reports.ReportService - Found reporter: net.thucydides.core.reports.xml.XMLTestOutcomeReporter@643b7427(format = Optional.of(XML))
124410 [pool-1-thread-1] INFO net.thucydides.core.reports.ReportService - Registering reporter: net.thucydides.core.reports.xml.XMLTestOutcomeReporter@643b7427
124410 [pool-1-thread-1] INFO net.thucydides.core.reports.ReportService - Found reporter: net.thucydides.core.reports.json.JSONTestOutcomeReporter@6e1d120e(format = Optional.of(JSON))
124410 [pool-1-thread-1] INFO net.thucydides.core.reports.ReportService - Registering reporter: net.thucydides.core.reports.json.JSONTestOutcomeReporter@6e1d120e
124410 [pool-1-thread-1] INFO net.thucydides.core.reports.ReportService - Found reporter: net.thucydides.core.reports.html.HtmlAcceptanceTestReporter@6e3add10(format = Optional.of(HTML))
124410 [pool-1-thread-1] INFO net.thucydides.core.reports.ReportService - Registering reporter: net.thucydides.core.reports.html.HtmlAcceptanceTestReporter@6e3add10
124411 [pool-1-thread-1] INFO net.thucydides.core.reports.ReportService - Generating reports using: net.thucydides.core.reports.xml.XMLTestOutcomeReporter@643b7427
124411 [pool-8-thread-1] INFO net.thucydides.core.reports.ReportService - Processing test outcome Search by keyword:a3_click_on_create_account_button
124412 [pool-8-thread-1] INFO net.thucydides.core.reports.ReportService - net.thucydides.core.reports.xml.XMLTestOutcomeReporter@643b7427: Generating report for test outcome: Search by keyword:a3_click_on_create_account_button
124414 [pool-8-thread-1] INFO net.thucydides.core.reports.xml.XMLTestOutcomeReporter - Generating XML report for A3 click on create account button to file /home/imusiievych/Desktop/WebAutomationCourses/artifact3/target/site/thucydides/ecdfc4dfd55db9ee15ba17811cad3cc0387ce1bd0db7bdc56a21519d879e680c.xml
124415 [pool-8-thread-1] INFO net.thucydides.core.reports.xml.XMLTestOutcomeReporter - XML report generated (/home/imusiievych/Desktop/WebAutomationCourses/artifact3/target/site/thucydides/ecdfc4dfd55db9ee15ba17811cad3cc0387ce1bd0db7bdc56a21519d879e680c.xml bytes) 1299
124415 [pool-8-thread-1] INFO net.thucydides.core.reports.ReportService - Report generated for Search by keyword:a3_click_on_create_account_button
124420 [pool-8-thread-2] INFO net.thucydides.core.reports.ReportService - Processing test outcome Search by keyword:a4_logs_in_to_page_with_incorrect_creds
124422 [pool-8-thread-2] INFO net.thucydides.core.reports.ReportService - net.thucydides.core.reports.xml.XMLTestOutcomeReporter@643b7427: Generating report for test outcome: Search by keyword:a4_logs_in_to_page_with_incorrect_creds
124422 [pool-8-thread-3] INFO net.thucydides.core.reports.ReportService - Processing test outcome Search by keyword:a1_click_on_single_sign_on_button
124422 [pool-8-thread-3] INFO net.thucydides.core.reports.ReportService - net.thucydides.core.reports.xml.XMLTestOutcomeReporter@643b7427: Generating report for test outcome: Search by keyword:a1_click_on_single_sign_on_button
124424 [pool-8-thread-4] INFO net.thucydides.core.reports.ReportService - Processing test outcome Search by keyword:logs_in_to_the_page_with_correct_creds
124424 [pool-8-thread-4] INFO net.thucydides.core.reports.ReportService - net.thucydides.core.reports.xml.XMLTestOutcomeReporter@643b7427: Generating report for test outcome: Search by keyword:logs_in_to_the_page_with_correct_creds
124426 [pool-8-thread-2] INFO net.thucydides.core.reports.xml.XMLTestOutcomeReporter - Generating XML report for A4 logs in to page with incorrect creds to file /home/imusiievych/Desktop/WebAutomationCourses/artifact3/target/site/thucydides/39750a397fa2daaa6c2452ff244b8265f13b0d55c2c54603a00e6fb6152c8e5c.xml
124428 [pool-8-thread-2] INFO net.thucydides.core.reports.xml.XMLTestOutcomeReporter - XML report generated (/home/imusiievych/Desktop/WebAutomationCourses/artifact3/target/site/thucydides/39750a397fa2daaa6c2452ff244b8265f13b0d55c2c54603a00e6fb6152c8e5c.xml bytes) 5512
124428 [pool-8-thread-2] INFO net.thucydides.core.reports.ReportService - Report generated for Search by keyword:a4_logs_in_to_page_with_incorrect_creds
124429 [pool-8-thread-4] INFO net.thucydides.core.reports.xml.XMLTestOutcomeReporter - Generating XML report for Logs in to the page with correct creds to file /home/imusiievych/Desktop/WebAutomationCourses/artifact3/target/site/thucydides/8733c8ac82937bc04d398710beccb51cf60d190a8c58d96a834ba9cdb388f5a2.xml
124430 [pool-8-thread-4] INFO net.thucydides.core.reports.xml.XMLTestOutcomeReporter - XML report generated (/home/imusiievych/Desktop/WebAutomationCourses/artifact3/target/site/thucydides/8733c8ac82937bc04d398710beccb51cf60d190a8c58d96a834ba9cdb388f5a2.xml bytes) 3520
124430 [pool-8-thread-4] INFO net.thucydides.core.reports.ReportService - Report generated for Search by keyword:logs_in_to_the_page_with_correct_creds
124432 [pool-8-thread-5] INFO net.thucydides.core.reports.ReportService - Processing test outcome Search by keyword:a2_click_on_reset_password_button
124439 [pool-8-thread-5] INFO net.thucydides.core.reports.ReportService - net.thucydides.core.reports.xml.XMLTestOutcomeReporter@643b7427: Generating report for test outcome: Search by keyword:a2_click_on_reset_password_button
124438 [pool-8-thread-3] INFO net.thucydides.core.reports.xml.XMLTestOutcomeReporter - Generating XML report for A1 click on single sign on button to file /home/imusiievych/Desktop/WebAutomationCourses/artifact3/target/site/thucydides/8f3815f1825b1fbff01dbfdd2b24a884ce3fc1f07c82cab2a27959c1676ea01e.xml
124441 [pool-8-thread-3] INFO net.thucydides.core.reports.xml.XMLTestOutcomeReporter - XML report generated (/home/imusiievych/Desktop/WebAutomationCourses/artifact3/target/site/thucydides/8f3815f1825b1fbff01dbfdd2b24a884ce3fc1f07c82cab2a27959c1676ea01e.xml bytes) 1367
124441 [pool-8-thread-3] INFO net.thucydides.core.reports.ReportService - Report generated for Search by keyword:a1_click_on_single_sign_on_button
124441 [pool-8-thread-5] INFO net.thucydides.core.reports.xml.XMLTestOutcomeReporter - Generating XML report for A2 click on reset password button to file /home/imusiievych/Desktop/WebAutomationCourses/artifact3/target/site/thucydides/594f86b26f04eaedde704aa281137c6ec5aef999851aceef41616a84a28291ee.xml
124443 [pool-8-thread-5] INFO net.thucydides.core.reports.xml.XMLTestOutcomeReporter - XML report generated (/home/imusiievych/Desktop/WebAutomationCourses/artifact3/target/site/thucydides/594f86b26f04eaedde704aa281137c6ec5aef999851aceef41616a84a28291ee.xml bytes) 3000
124443 [pool-8-thread-5] INFO net.thucydides.core.reports.ReportService - Report generated for Search by keyword:a2_click_on_reset_password_button
124472 [pool-1-thread-1] INFO net.thucydides.core.reports.ReportService - Reports generated in: 61
124472 [pool-1-thread-1] INFO net.thucydides.core.reports.ReportService - Generating reports using: net.thucydides.core.reports.json.JSONTestOutcomeReporter@6e1d120e
124480 [pool-9-thread-1] INFO net.thucydides.core.reports.ReportService - Processing test outcome Search by keyword:a3_click_on_create_account_button
124480 [pool-9-thread-1] INFO net.thucydides.core.reports.ReportService - net.thucydides.core.reports.json.JSONTestOutcomeReporter@6e1d120e: Generating report for test outcome: Search by keyword:a3_click_on_create_account_button
124482 [pool-9-thread-1] INFO net.thucydides.core.reports.ReportService - Report generated for Search by keyword:a3_click_on_create_account_button
124484 [pool-9-thread-3] INFO net.thucydides.core.reports.ReportService - Processing test outcome Search by keyword:a1_click_on_single_sign_on_button
124484 [pool-9-thread-2] INFO net.thucydides.core.reports.ReportService - Processing test outcome Search by keyword:a4_logs_in_to_page_with_incorrect_creds
124484 [pool-9-thread-3] INFO net.thucydides.core.reports.ReportService - net.thucydides.core.reports.json.JSONTestOutcomeReporter@6e1d120e: Generating report for test outcome: Search by keyword:a1_click_on_single_sign_on_button
124484 [pool-9-thread-2] INFO net.thucydides.core.reports.ReportService - net.thucydides.core.reports.json.JSONTestOutcomeReporter@6e1d120e: Generating report for test outcome: Search by keyword:a4_logs_in_to_page_with_incorrect_creds
124484 [pool-9-thread-4] INFO net.thucydides.core.reports.ReportService - Processing test outcome Search by keyword:logs_in_to_the_page_with_correct_creds
124488 [pool-9-thread-4] INFO net.thucydides.core.reports.ReportService - net.thucydides.core.reports.json.JSONTestOutcomeReporter@6e1d120e: Generating report for test outcome: Search by keyword:logs_in_to_the_page_with_correct_creds
124490 [pool-9-thread-3] INFO net.thucydides.core.reports.ReportService - Report generated for Search by keyword:a1_click_on_single_sign_on_button
124490 [pool-9-thread-4] INFO net.thucydides.core.reports.ReportService - Report generated for Search by keyword:logs_in_to_the_page_with_correct_creds
124490 [pool-9-thread-5] INFO net.thucydides.core.reports.ReportService - Processing test outcome Search by keyword:a2_click_on_reset_password_button
124490 [pool-9-thread-5] INFO net.thucydides.core.reports.ReportService - net.thucydides.core.reports.json.JSONTestOutcomeReporter@6e1d120e: Generating report for test outcome: Search by keyword:a2_click_on_reset_password_button
124491 [pool-9-thread-5] INFO net.thucydides.core.reports.ReportService - Report generated for Search by keyword:a2_click_on_reset_password_button
124491 [pool-9-thread-2] INFO net.thucydides.core.reports.ReportService - Report generated for Search by keyword:a4_logs_in_to_page_with_incorrect_creds
124532 [pool-1-thread-1] INFO net.thucydides.core.reports.ReportService - Reports generated in: 60
124532 [pool-1-thread-1] INFO net.thucydides.core.reports.ReportService - Generating reports using: net.thucydides.core.reports.html.HtmlAcceptanceTestReporter@6e3add10
124533 [pool-10-thread-1] INFO net.thucydides.core.reports.ReportService - Processing test outcome Search by keyword:a3_click_on_create_account_button
124533 [pool-10-thread-2] INFO net.thucydides.core.reports.ReportService - Processing test outcome Search by keyword:a4_logs_in_to_page_with_incorrect_creds
124533 [pool-10-thread-1] INFO net.thucydides.core.reports.ReportService - net.thucydides.core.reports.html.HtmlAcceptanceTestReporter@6e3add10: Generating report for test outcome: Search by keyword:a3_click_on_create_account_button
124533 [pool-10-thread-2] INFO net.thucydides.core.reports.ReportService - net.thucydides.core.reports.html.HtmlAcceptanceTestReporter@6e3add10: Generating report for test outcome: Search by keyword:a4_logs_in_to_page_with_incorrect_creds
124537 [pool-10-thread-2] WARN net.thucydides.core.reports.html.HtmlAcceptanceTestReporter - Failed to write scaled screenshot for net.thucydides.core.model.Screenshot@134dbc59: java.io.IOException: Failed to copy full contents from &apos;target/site/thucydides/e644eeb5a0352f3d9712864ba61ccb80_NONE.png&apos; to &apos;target/site/thucydides/scaled_e644eeb5a0352f3d9712864ba61ccb80_NONE.png&apos;
124538 [pool-10-thread-3] INFO net.thucydides.core.reports.ReportService - Processing test outcome Search by keyword:a1_click_on_single_sign_on_button
124538 [pool-10-thread-3] INFO net.thucydides.core.reports.ReportService - net.thucydides.core.reports.html.HtmlAcceptanceTestReporter@6e3add10: Generating report for test outcome: Search by keyword:a1_click_on_single_sign_on_button
124540 [pool-10-thread-5] INFO net.thucydides.core.reports.ReportService - Processing test outcome Search by keyword:a2_click_on_reset_password_button
124540 [pool-10-thread-4] INFO net.thucydides.core.reports.ReportService - Processing test outcome Search by keyword:logs_in_to_the_page_with_correct_creds
124540 [pool-10-thread-5] INFO net.thucydides.core.reports.ReportService - net.thucydides.core.reports.html.HtmlAcceptanceTestReporter@6e3add10: Generating report for test outcome: Search by keyword:a2_click_on_reset_password_button
124540 [pool-10-thread-4] INFO net.thucydides.core.reports.ReportService - net.thucydides.core.reports.html.HtmlAcceptanceTestReporter@6e3add10: Generating report for test outcome: Search by keyword:logs_in_to_the_page_with_correct_creds
124576 [pool-10-thread-5] INFO net.thucydides.core.reports.html.HtmlAcceptanceTestReporter - GENERATING HTML REPORT FOR Search by keyword:a2_click_on_reset_password_button =&gt; 594f86b26f04eaedde704aa281137c6ec5aef999851aceef41616a84a28291ee.html
124588 [pool-10-thread-5] INFO net.thucydides.core.reports.ReportService - Report generated for Search by keyword:a2_click_on_reset_password_button
124620 [pool-10-thread-3] INFO net.thucydides.core.reports.html.HtmlAcceptanceTestReporter - GENERATING HTML REPORT FOR Search by keyword:a1_click_on_single_sign_on_button =&gt; 8f3815f1825b1fbff01dbfdd2b24a884ce3fc1f07c82cab2a27959c1676ea01e.html
124621 [pool-10-thread-3] INFO net.thucydides.core.reports.ReportService - Report generated for Search by keyword:a1_click_on_single_sign_on_button
124630 [pool-10-thread-2] INFO net.thucydides.core.reports.html.HtmlAcceptanceTestReporter - GENERATING HTML REPORT FOR Search by keyword:a4_logs_in_to_page_with_incorrect_creds =&gt; 39750a397fa2daaa6c2452ff244b8265f13b0d55c2c54603a00e6fb6152c8e5c.html
124631 [pool-10-thread-2] INFO net.thucydides.core.reports.ReportService - Report generated for Search by keyword:a4_logs_in_to_page_with_incorrect_creds
124791 [pool-10-thread-4] INFO net.thucydides.core.reports.html.HtmlAcceptanceTestReporter - GENERATING HTML REPORT FOR Search by keyword:logs_in_to_the_page_with_correct_creds =&gt; 8733c8ac82937bc04d398710beccb51cf60d190a8c58d96a834ba9cdb388f5a2.html
124793 [pool-10-thread-4] INFO net.thucydides.core.reports.ReportService - Report generated for Search by keyword:logs_in_to_the_page_with_correct_creds
124874 [pool-10-thread-1] INFO net.thucydides.core.reports.html.HtmlAcceptanceTestReporter - GENERATING HTML REPORT FOR Search by keyword:a3_click_on_create_account_button =&gt; ecdfc4dfd55db9ee15ba17811cad3cc0387ce1bd0db7bdc56a21519d879e680c.html
124874 [pool-10-thread-1] INFO net.thucydides.core.reports.ReportService - Report generated for Search by keyword:a3_click_on_create_account_button
124884 [pool-1-thread-1] INFO net.thucydides.core.reports.ReportService - Reports generated in: 352
124897 [pool-1-thread-1] WARN net.thucydides.core.webdriver.WebDriverFacade - Error while quitting the driver (Error communicating with the remote browser. It may have died.
Build info: version: &apos;2.45.0&apos;, revision: &apos;5017cb8e7ca8e37638dc3091b2440b90a1d8686f&apos;, time: &apos;2015-02-27 09:10:26&apos;
System info: host: &apos;imusiievych-E520&apos;, ip: &apos;127.0.1.1&apos;, os.name: &apos;Linux&apos;, os.arch: &apos;amd64&apos;, os.version: &apos;3.13.0-49-generic&apos;, java.version: &apos;1.8.0_11&apos;
Driver info: driver.version: RemoteWebDriver)
</system-err>
  </testcase>
</testsuite>